Running via sbatch on puck5 on Tue Oct 14 03:44:23 PM CEST 2025
Python 3.10.13
/home/tleludec/Transcription_whisper/venv_oberon/lib/python3.10/site-packages/pydantic/_internal/_generate_schema.py:2249: UnsupportedFieldAttributeWarning: The 'repr' attribute with value False was provided to the `Field()` function, which has no effect in the context it was used. 'repr' is field-specific metadata, and can only be attached to a model field using `Annotated` metadata or by assignment. This may have happened because an `Annotated` type alias using the `type` statement was used, or if the `Field()` function was attached to a single member of a union type.
  warnings.warn(
/home/tleludec/Transcription_whisper/venv_oberon/lib/python3.10/site-packages/pydantic/_internal/_generate_schema.py:2249: UnsupportedFieldAttributeWarning: The 'frozen' attribute with value True was provided to the `Field()` function, which has no effect in the context it was used. 'frozen' is field-specific metadata, and can only be attached to a model field using `Annotated` metadata or by assignment. This may have happened because an `Annotated` type alias using the `type` statement was used, or if the `Field()` function was attached to a single member of a union type.
  warnings.warn(
wandb: Appending key for api.wandb.ai to your netrc file: /home/tleludec/.netrc
wandb: Currently logged in as: tiphaine-leludec (tiphaine-leludec-ens) to https://api.wandb.ai. Use `wandb login --relogin` to force relogin
wandb: setting up run ejef30da
wandb: Tracking run with wandb version 0.22.2
wandb: Run data is saved locally in /home/tleludec/Transcription_whisper/Code/fine-tuning-whisper/Script/wandb/run-20251014_154442-ejef30da
wandb: Run `wandb offline` to turn off syncing.
wandb: Syncing run frosty-firefly-20
wandb: ⭐️ View project at https://wandb.ai/tiphaine-leludec-ens/whisper_lora
wandb: 🚀 View run at https://wandb.ai/tiphaine-leludec-ens/whisper_lora/runs/ejef30da
trainable params: 491,520 || all params: 1,543,796,480 || trainable%: 0.0318
  0%|          | 0/8319 [00:00<?, ?it/s]/home/tleludec/Transcription_whisper/venv_oberon/lib/python3.10/site-packages/torchaudio/_backend/utils.py:213: UserWarning: In 2.9, this function's implementation will be changed to use torchaudio.load_with_torchcodec` under the hood. Some parameters like ``normalize``, ``format``, ``buffer_size``, and ``backend`` will be ignored. We recommend that you port your code to rely directly on TorchCodec's decoder instead: https://docs.pytorch.org/torchcodec/stable/generated/torchcodec.decoders.AudioDecoder.html#torchcodec.decoders.AudioDecoder.
  warnings.warn(
You're using a WhisperTokenizerFast tokenizer. Please note that with a fast tokenizer, using the `__call__` method is faster than using a method to encode the text followed by a call to the `pad` method to get a padded encoding.
Batch keys: ['input_features', 'labels']
Batch keys: ['input_features', 'labels']
Traceback (most recent call last):
  File "/home/tleludec/Transcription_whisper/Code/fine-tuning-whisper/Script/dataset_hugging_face.py", line 199, in <module>
    trainer.train()
  File "/home/tleludec/Transcription_whisper/venv_oberon/lib/python3.10/site-packages/transformers/trainer.py", line 2325, in train
    return inner_training_loop(
  File "/home/tleludec/Transcription_whisper/venv_oberon/lib/python3.10/site-packages/transformers/trainer.py", line 2674, in _inner_training_loop
    tr_loss_step = self.training_step(model, inputs, num_items_in_batch)
  File "/home/tleludec/Transcription_whisper/venv_oberon/lib/python3.10/site-packages/transformers/trainer.py", line 4020, in training_step
    loss = self.compute_loss(model, inputs, num_items_in_batch=num_items_in_batch)
  File "/home/tleludec/Transcription_whisper/venv_oberon/lib/python3.10/site-packages/transformers/trainer.py", line 4110, in compute_loss
    outputs = model(**inputs)
  File "/home/tleludec/Transcription_whisper/venv_oberon/lib/python3.10/site-packages/torch/nn/modules/module.py", line 1773, in _wrapped_call_impl
    return self._call_impl(*args, **kwargs)
  File "/home/tleludec/Transcription_whisper/venv_oberon/lib/python3.10/site-packages/torch/nn/modules/module.py", line 1784, in _call_impl
    return forward_call(*args, **kwargs)
  File "/home/tleludec/Transcription_whisper/venv_oberon/lib/python3.10/site-packages/accelerate/utils/operations.py", line 818, in forward
    return model_forward(*args, **kwargs)
  File "/home/tleludec/Transcription_whisper/venv_oberon/lib/python3.10/site-packages/accelerate/utils/operations.py", line 806, in __call__
    return convert_to_fp32(self.model_forward(*args, **kwargs))
  File "/home/tleludec/Transcription_whisper/venv_oberon/lib/python3.10/site-packages/torch/amp/autocast_mode.py", line 44, in decorate_autocast
    return func(*args, **kwargs)
  File "/home/tleludec/Transcription_whisper/venv_oberon/lib/python3.10/site-packages/peft/peft_model.py", line 881, in forward
    return self.get_base_model()(*args, **kwargs)
  File "/home/tleludec/Transcription_whisper/venv_oberon/lib/python3.10/site-packages/torch/nn/modules/module.py", line 1773, in _wrapped_call_impl
    return self._call_impl(*args, **kwargs)
  File "/home/tleludec/Transcription_whisper/venv_oberon/lib/python3.10/site-packages/torch/nn/modules/module.py", line 1784, in _call_impl
    return forward_call(*args, **kwargs)
  File "/home/tleludec/Transcription_whisper/venv_oberon/lib/python3.10/site-packages/transformers/models/whisper/modeling_whisper.py", line 1289, in forward
    outputs = self.model(
  File "/home/tleludec/Transcription_whisper/venv_oberon/lib/python3.10/site-packages/torch/nn/modules/module.py", line 1773, in _wrapped_call_impl
    return self._call_impl(*args, **kwargs)
  File "/home/tleludec/Transcription_whisper/venv_oberon/lib/python3.10/site-packages/torch/nn/modules/module.py", line 1784, in _call_impl
    return forward_call(*args, **kwargs)
  File "/home/tleludec/Transcription_whisper/venv_oberon/lib/python3.10/site-packages/transformers/models/whisper/modeling_whisper.py", line 1114, in forward
    encoder_outputs = self.encoder(
  File "/home/tleludec/Transcription_whisper/venv_oberon/lib/python3.10/site-packages/torch/nn/modules/module.py", line 1773, in _wrapped_call_impl
    return self._call_impl(*args, **kwargs)
  File "/home/tleludec/Transcription_whisper/venv_oberon/lib/python3.10/site-packages/torch/nn/modules/module.py", line 1784, in _call_impl
    return forward_call(*args, **kwargs)
  File "/home/tleludec/Transcription_whisper/venv_oberon/lib/python3.10/site-packages/transformers/models/whisper/modeling_whisper.py", line 679, in forward
    inputs_embeds = nn.functional.gelu(self.conv1(input_features))
  File "/home/tleludec/Transcription_whisper/venv_oberon/lib/python3.10/site-packages/torch/nn/modules/module.py", line 1773, in _wrapped_call_impl
    return self._call_impl(*args, **kwargs)
  File "/home/tleludec/Transcription_whisper/venv_oberon/lib/python3.10/site-packages/torch/nn/modules/module.py", line 1784, in _call_impl
    return forward_call(*args, **kwargs)
  File "/home/tleludec/Transcription_whisper/venv_oberon/lib/python3.10/site-packages/torch/nn/modules/conv.py", line 371, in forward
    return self._conv_forward(input, self.weight, self.bias)
  File "/home/tleludec/Transcription_whisper/venv_oberon/lib/python3.10/site-packages/torch/nn/modules/conv.py", line 366, in _conv_forward
    return F.conv1d(
RuntimeError: Expected 2D (unbatched) or 3D (batched) input to conv1d, but got input of size: [8, 2, 80, 3000]
[1;34mwandb[0m: 
[1;34mwandb[0m: 🚀 View run [33mfrosty-firefly-20[0m at: [34m[0m
[1;34mwandb[0m: Find logs at: [1;35mwandb/run-20251014_154442-ejef30da/logs[0m
computation end :Tue Oct 14 03:44:51 PM CEST 2025
