Running via sbatch on puck5 on Thu Nov 13 10:39:42 AM CET 2025
Python 3.10.13
/home/tleludec/Transcription_whisper/venv_oberon/lib/python3.10/site-packages/pydantic/_internal/_generate_schema.py:2249: UnsupportedFieldAttributeWarning: The 'repr' attribute with value False was provided to the `Field()` function, which has no effect in the context it was used. 'repr' is field-specific metadata, and can only be attached to a model field using `Annotated` metadata or by assignment. This may have happened because an `Annotated` type alias using the `type` statement was used, or if the `Field()` function was attached to a single member of a union type.
  warnings.warn(
/home/tleludec/Transcription_whisper/venv_oberon/lib/python3.10/site-packages/pydantic/_internal/_generate_schema.py:2249: UnsupportedFieldAttributeWarning: The 'frozen' attribute with value True was provided to the `Field()` function, which has no effect in the context it was used. 'frozen' is field-specific metadata, and can only be attached to a model field using `Annotated` metadata or by assignment. This may have happened because an `Annotated` type alias using the `type` statement was used, or if the `Field()` function was attached to a single member of a union type.
  warnings.warn(
wandb: Appending key for api.wandb.ai to your netrc file: /home/tleludec/.netrc
wandb: Currently logged in as: tiphaine-leludec (tiphaine-leludec-ens) to https://api.wandb.ai. Use `wandb login --relogin` to force relogin
wandb: setting up run qtopremp
wandb: Tracking run with wandb version 0.22.2
wandb: Run data is saved locally in /home/tleludec/Transcription_whisper/Code/fine-tuning-whisper/Script/wandb/run-20251113_104003-qtopremp
wandb: Run `wandb offline` to turn off syncing.
wandb: Syncing run scarlet-totem-40
wandb: ⭐️ View project at https://wandb.ai/tiphaine-leludec-ens/whisper_lora
wandb: 🚀 View run at https://wandb.ai/tiphaine-leludec-ens/whisper_lora/runs/qtopremp
trainable params: 491,520 || all params: 1,543,796,480 || trainable%: 0.0318
Traceback (most recent call last):
  File "/home/tleludec/Transcription_whisper/Code/fine-tuning-whisper/Script/dataset_hugging_face.py", line 276, in <module>
    eval_strategy=IntervalStrategy.STEPS,
NameError: name 'IntervalStrategy' is not defined
[1;34mwandb[0m: 
[1;34mwandb[0m: 🚀 View run [33mscarlet-totem-40[0m at: [34m[0m
[1;34mwandb[0m: Find logs at: [1;35mwandb/run-20251113_104003-qtopremp/logs[0m
computation end :Thu Nov 13 10:40:07 AM CET 2025
