Running via sbatch on puck5 on Tue Nov 18 04:15:23 PM CET 2025
Python 3.10.13
/home/tleludec/Transcription_whisper/venv_oberon/lib/python3.10/site-packages/pydantic/_internal/_generate_schema.py:2249: UnsupportedFieldAttributeWarning: The 'repr' attribute with value False was provided to the `Field()` function, which has no effect in the context it was used. 'repr' is field-specific metadata, and can only be attached to a model field using `Annotated` metadata or by assignment. This may have happened because an `Annotated` type alias using the `type` statement was used, or if the `Field()` function was attached to a single member of a union type.
  warnings.warn(
/home/tleludec/Transcription_whisper/venv_oberon/lib/python3.10/site-packages/pydantic/_internal/_generate_schema.py:2249: UnsupportedFieldAttributeWarning: The 'frozen' attribute with value True was provided to the `Field()` function, which has no effect in the context it was used. 'frozen' is field-specific metadata, and can only be attached to a model field using `Annotated` metadata or by assignment. This may have happened because an `Annotated` type alias using the `type` statement was used, or if the `Field()` function was attached to a single member of a union type.
  warnings.warn(
wandb: Appending key for api.wandb.ai to your netrc file: /home/tleludec/.netrc
wandb: Currently logged in as: tiphaine-leludec (tiphaine-leludec-ens) to https://api.wandb.ai. Use `wandb login --relogin` to force relogin
wandb: setting up run 4uimxd73
wandb: Tracking run with wandb version 0.22.2
wandb: Run data is saved locally in /home/tleludec/Transcription_whisper/Code/fine-tuning-whisper/Script/wandb/run-20251118_161539-4uimxd73
wandb: Run `wandb offline` to turn off syncing.
wandb: Syncing run confused-grass-66
wandb: ⭐️ View project at https://wandb.ai/tiphaine-leludec-ens/whisper_lora
wandb: 🚀 View run at https://wandb.ai/tiphaine-leludec-ens/whisper_lora/runs/4uimxd73
The model is already on multiple devices. Skipping the move to device specified in `args`.
You're using a WhisperTokenizerFast tokenizer. Please note that with a fast tokenizer, using the `__call__` method is faster than using a method to encode the text followed by a call to the `pad` method to get a padded encoding.
The attention mask is not set and cannot be inferred from input because pad token is same as eos token. As a consequence, you may observe unexpected behavior. Please pass your input's `attention_mask` to obtain reliable results.
trainable params: 110,592 || all params: 241,845,504 || trainable%: 0.0457
Batch keys: ['input_features', 'labels']
Batch keys: ['input_features', 'labels']
  0%|          | 0/4 [00:00<?, ?it/s] 50%|█████     | 2/4 [00:01<00:01,  1.07it/s] 75%|███████▌  | 3/4 [00:02<00:00,  1.02it/s]100%|██████████| 4/4 [00:04<00:00,  1.36s/it]Batch keys: ['input_features', 'labels']
Batch keys: ['input_features', 'labels']
Predictions type: <class 'numpy.ndarray'>
Traceback (most recent call last):
  File "/home/tleludec/Transcription_whisper/Code/fine-tuning-whisper/Script/dataset_hugging_face.py", line 244, in <module>
    trainer.evaluate()
  File "/home/tleludec/Transcription_whisper/venv_oberon/lib/python3.10/site-packages/transformers/trainer_seq2seq.py", line 191, in evaluate
    return super().evaluate(eval_dataset, ignore_keys=ignore_keys, metric_key_prefix=metric_key_prefix)
  File "/home/tleludec/Transcription_whisper/venv_oberon/lib/python3.10/site-packages/transformers/trainer.py", line 4489, in evaluate
    output = eval_loop(
  File "/home/tleludec/Transcription_whisper/venv_oberon/lib/python3.10/site-packages/transformers/trainer.py", line 4780, in evaluation_loop
    metrics = self.compute_metrics(
  File "/home/tleludec/Transcription_whisper/Code/fine-tuning-whisper/Script/dataset_hugging_face.py", line 239, in <lambda>
    compute_metrics=lambda eval_pred: compute_metrics(eval_pred, metric),
  File "/home/tleludec/Transcription_whisper/Code/fine-tuning-whisper/Script/dataset_hugging_face.py", line 111, in compute_metrics
    decoded_labels = processor.batch_decode(labels, skip_special_tokens=True)
  File "/home/tleludec/Transcription_whisper/venv_oberon/lib/python3.10/site-packages/transformers/processing_utils.py", line 1489, in batch_decode
    return self.tokenizer.batch_decode(*args, **kwargs)
  File "/home/tleludec/Transcription_whisper/venv_oberon/lib/python3.10/site-packages/transformers/tokenization_utils_base.py", line 3884, in batch_decode
    return [
  File "/home/tleludec/Transcription_whisper/venv_oberon/lib/python3.10/site-packages/transformers/tokenization_utils_base.py", line 3885, in <listcomp>
    self.decode(
  File "/home/tleludec/Transcription_whisper/venv_oberon/lib/python3.10/site-packages/transformers/models/whisper/tokenization_whisper_fast.py", line 367, in decode
    text = super().decode(
  File "/home/tleludec/Transcription_whisper/venv_oberon/lib/python3.10/site-packages/transformers/tokenization_utils_base.py", line 3924, in decode
    return self._decode(
  File "/home/tleludec/Transcription_whisper/venv_oberon/lib/python3.10/site-packages/transformers/models/whisper/tokenization_whisper_fast.py", line 393, in _decode
    text = super()._decode(*args, **kwargs)
  File "/home/tleludec/Transcription_whisper/venv_oberon/lib/python3.10/site-packages/transformers/tokenization_utils_fast.py", line 682, in _decode
    text = self._tokenizer.decode(token_ids, skip_special_tokens=skip_special_tokens)
OverflowError: out of range integral type conversion attempted
Traceback (most recent call last):
  File "/home/tleludec/Transcription_whisper/Code/fine-tuning-whisper/Script/dataset_hugging_face.py", line 244, in <module>
    trainer.evaluate()
  File "/home/tleludec/Transcription_whisper/venv_oberon/lib/python3.10/site-packages/transformers/trainer_seq2seq.py", line 191, in evaluate
    return super().evaluate(eval_dataset, ignore_keys=ignore_keys, metric_key_prefix=metric_key_prefix)
  File "/home/tleludec/Transcription_whisper/venv_oberon/lib/python3.10/site-packages/transformers/trainer.py", line 4489, in evaluate
    output = eval_loop(
  File "/home/tleludec/Transcription_whisper/venv_oberon/lib/python3.10/site-packages/transformers/trainer.py", line 4780, in evaluation_loop
    metrics = self.compute_metrics(
  File "/home/tleludec/Transcription_whisper/Code/fine-tuning-whisper/Script/dataset_hugging_face.py", line 239, in <lambda>
    compute_metrics=lambda eval_pred: compute_metrics(eval_pred, metric),
  File "/home/tleludec/Transcription_whisper/Code/fine-tuning-whisper/Script/dataset_hugging_face.py", line 111, in compute_metrics
    decoded_labels = processor.batch_decode(labels, skip_special_tokens=True)
  File "/home/tleludec/Transcription_whisper/venv_oberon/lib/python3.10/site-packages/transformers/processing_utils.py", line 1489, in batch_decode
    return self.tokenizer.batch_decode(*args, **kwargs)
  File "/home/tleludec/Transcription_whisper/venv_oberon/lib/python3.10/site-packages/transformers/tokenization_utils_base.py", line 3884, in batch_decode
    return [
  File "/home/tleludec/Transcription_whisper/venv_oberon/lib/python3.10/site-packages/transformers/tokenization_utils_base.py", line 3885, in <listcomp>
    self.decode(
  File "/home/tleludec/Transcription_whisper/venv_oberon/lib/python3.10/site-packages/transformers/models/whisper/tokenization_whisper_fast.py", line 367, in decode
    text = super().decode(
  File "/home/tleludec/Transcription_whisper/venv_oberon/lib/python3.10/site-packages/transformers/tokenization_utils_base.py", line 3924, in decode
    return self._decode(
  File "/home/tleludec/Transcription_whisper/venv_oberon/lib/python3.10/site-packages/transformers/models/whisper/tokenization_whisper_fast.py", line 393, in _decode
    text = super()._decode(*args, **kwargs)
  File "/home/tleludec/Transcription_whisper/venv_oberon/lib/python3.10/site-packages/transformers/tokenization_utils_fast.py", line 682, in _decode
    text = self._tokenizer.decode(token_ids, skip_special_tokens=skip_special_tokens)
OverflowError: out of range integral type conversion attempted
[1;34mwandb[0m: 
[1;34mwandb[0m: 🚀 View run [33mconfused-grass-66[0m at: [34m[0m
[1;34mwandb[0m: Find logs at: [1;35mwandb/run-20251118_161539-4uimxd73/logs[0m
computation end :Tue Nov 18 04:15:51 PM CET 2025
