Running via sbatch on puck6 on Tue Nov 25 03:45:35 PM CET 2025
Python 3.10.13
/home/tleludec/Transcription_whisper/venv_oberon/lib/python3.10/site-packages/pydantic/_internal/_generate_schema.py:2249: UnsupportedFieldAttributeWarning: The 'repr' attribute with value False was provided to the `Field()` function, which has no effect in the context it was used. 'repr' is field-specific metadata, and can only be attached to a model field using `Annotated` metadata or by assignment. This may have happened because an `Annotated` type alias using the `type` statement was used, or if the `Field()` function was attached to a single member of a union type.
  warnings.warn(
/home/tleludec/Transcription_whisper/venv_oberon/lib/python3.10/site-packages/pydantic/_internal/_generate_schema.py:2249: UnsupportedFieldAttributeWarning: The 'frozen' attribute with value True was provided to the `Field()` function, which has no effect in the context it was used. 'frozen' is field-specific metadata, and can only be attached to a model field using `Annotated` metadata or by assignment. This may have happened because an `Annotated` type alias using the `type` statement was used, or if the `Field()` function was attached to a single member of a union type.
  warnings.warn(
Traceback (most recent call last):
  File "/home/tleludec/Transcription_whisper/Code/fine-tuning-whisper/Script/dataset_hugging_face.py", line 269, in <module>
    cfg=yaml.safe_load(open(args.config))
  File "/home/tleludec/Transcription_whisper/venv_oberon/lib/python3.10/site-packages/yaml/__init__.py", line 125, in safe_load
    return load(stream, SafeLoader)
  File "/home/tleludec/Transcription_whisper/venv_oberon/lib/python3.10/site-packages/yaml/__init__.py", line 81, in load
    return loader.get_single_data()
  File "/home/tleludec/Transcription_whisper/venv_oberon/lib/python3.10/site-packages/yaml/constructor.py", line 49, in get_single_data
    node = self.get_single_node()
  File "/home/tleludec/Transcription_whisper/venv_oberon/lib/python3.10/site-packages/yaml/composer.py", line 36, in get_single_node
    document = self.compose_document()
  File "/home/tleludec/Transcription_whisper/venv_oberon/lib/python3.10/site-packages/yaml/composer.py", line 55, in compose_document
    node = self.compose_node(None, None)
  File "/home/tleludec/Transcription_whisper/venv_oberon/lib/python3.10/site-packages/yaml/composer.py", line 84, in compose_node
    node = self.compose_mapping_node(anchor)
  File "/home/tleludec/Transcription_whisper/venv_oberon/lib/python3.10/site-packages/yaml/composer.py", line 127, in compose_mapping_node
    while not self.check_event(MappingEndEvent):
  File "/home/tleludec/Transcription_whisper/venv_oberon/lib/python3.10/site-packages/yaml/parser.py", line 98, in check_event
    self.current_event = self.state()
  File "/home/tleludec/Transcription_whisper/venv_oberon/lib/python3.10/site-packages/yaml/parser.py", line 428, in parse_block_mapping_key
    if self.check_token(KeyToken):
  File "/home/tleludec/Transcription_whisper/venv_oberon/lib/python3.10/site-packages/yaml/scanner.py", line 116, in check_token
    self.fetch_more_tokens()
  File "/home/tleludec/Transcription_whisper/venv_oberon/lib/python3.10/site-packages/yaml/scanner.py", line 223, in fetch_more_tokens
    return self.fetch_value()
  File "/home/tleludec/Transcription_whisper/venv_oberon/lib/python3.10/site-packages/yaml/scanner.py", line 577, in fetch_value
    raise ScannerError(None, None,
yaml.scanner.ScannerError: mapping values are not allowed here
  in "config.yaml", line 7, column 15
computation end :Tue Nov 25 03:45:43 PM CET 2025
